\BOOKMARK [1][-]{section.1}{INTRODUCTION}{}% 1
\BOOKMARK [1][-]{section.2}{RESEARCH QUESTIONS}{}% 2
\BOOKMARK [1][-]{section.3}{BACKGROUNDS}{}% 3
\BOOKMARK [2][-]{subsection.3.1}{Complex conductivity}{section.3}% 4
\BOOKMARK [2][-]{subsection.3.2}{Decomposition of observed responses}{section.3}% 5
\BOOKMARK [2][-]{subsection.3.3}{Polarization currents}{section.3}% 6
\BOOKMARK [1][-]{section.4}{METHODOLOGY}{}% 7
\BOOKMARK [1][-]{section.5}{Pseudo-chargeability}{}% 8
\BOOKMARK [2][-]{subsection.5.1}{Linearization}{section.5}% 9
\BOOKMARK [2][-]{subsection.5.2}{Handling multiple transmitters in ATEM surveys}{section.5}% 10
\BOOKMARK [2][-]{subsection.5.3}{3D IP inversion with a linearized kernel}{section.5}% 11
\BOOKMARK [2][-]{subsection.5.4}{IP inversion procedure}{section.5}% 12
\BOOKMARK [1][-]{section.6}{REVISITING ELECTRICAL IP}{}% 13
\BOOKMARK [1][-]{section.7}{VALIDATION OF LINEARIZATION}{}% 14
\BOOKMARK [1][-]{section.8}{AIRBORNE IP}{}% 15
\BOOKMARK [2][-]{subsection.8.1}{Synthetic example}{section.8}% 16
\BOOKMARK [2][-]{subsection.8.2}{EM decoupling}{section.8}% 17
\BOOKMARK [3][-]{subsubsection.8.2.1}{Regional removal}{subsection.8.2}% 18
\BOOKMARK [3][-]{subsubsection.8.2.2}{IP inversion}{subsection.8.2}% 19
\BOOKMARK [2][-]{subsection.8.3}{Field example: Mt. Milligan}{section.8}% 20
\BOOKMARK [1][-]{section.9}{CONCLUSIONS}{}% 21
\BOOKMARK [2][-]{subsection.9.1}{Intellectual merits and impact}{section.9}% 22
\BOOKMARK [2][-]{subsection.9.2}{Research timeline}{section.9}% 23
\BOOKMARK [2][-]{subsection.9.3}{Relevant conference presentations - \(* = presenting author\)}{section.9}% 24
\BOOKMARK [2][-]{subsection.9.4}{Peer reviewed publications}{section.9}% 25
\BOOKMARK [1][-]{section.10}{REFERENCES}{}% 26
