\BOOKMARK [1][-]{section.1}{BACKGROUND}{}% 1
\BOOKMARK [2][-]{subsection.1.1}{Complex conductivity}{section.1}% 2
\BOOKMARK [2][-]{subsection.1.2}{Lab scale IP measurments}{section.1}% 3
\BOOKMARK [2][-]{subsection.1.3}{Why IP is important?}{section.1}% 4
\BOOKMARK [2][-]{subsection.1.4}{Modelling Maxwell's equations}{section.1}% 5
\BOOKMARK [1][-]{section.2}{STRATEGIES OF RECOVERING DISTRIBUTED IP INFORMATION}{}% 6
\BOOKMARK [1][-]{section.3}{SPECTRUM OF RESEARCH PROBLEMS}{}% 7
\BOOKMARK [1][-]{section.4}{EXAMPLE: TLI KWI CHO KIMBERLITE COMPLEX}{}% 8
\BOOKMARK [2][-]{subsection.4.1}{EM decoupling}{section.4}% 9
\BOOKMARK [2][-]{subsection.4.2}{3D IP inversion}{section.4}% 10
\BOOKMARK [1][-]{section.5}{CONCLUSIONS}{}% 11
\BOOKMARK [2][-]{subsection.5.1}{Intellectual merits and impact}{section.5}% 12
\BOOKMARK [2][-]{subsection.5.2}{Research timeline}{section.5}% 13
\BOOKMARK [2][-]{subsection.5.3}{Relevant conference presentations - \(* = presenting author\)}{section.5}% 14
\BOOKMARK [2][-]{subsection.5.4}{Peer reviewed publications}{section.5}% 15
\BOOKMARK [1][-]{section.6}{REFERENCES}{}% 16
\BOOKMARK [1][-]{section.7}{APPENDICIES}{}% 17
\BOOKMARK [2][-]{subsection.7.1}{Pseudo-chargeability}{section.7}% 18
\BOOKMARK [2][-]{subsection.7.2}{Linearization}{section.7}% 19
\BOOKMARK [2][-]{subsection.7.3}{Handling multiple transmitters in ATEM surveys}{section.7}% 20
\BOOKMARK [2][-]{subsection.7.4}{3D IP inversion with a linearized kernel}{section.7}% 21
\BOOKMARK [2][-]{subsection.7.5}{Extracting intrinsic IP parameters}{section.7}% 22
